<?xml version="1.0" encoding="UTF-8"?>
<!-- Generated by org.testng.reporters.JUnitReportReporter -->
<testsuite skipped="0" hostname="Kalps" name="learnTestNG.CommandPrompt" tests="1" failures="0" timestamp="30 Sep 2017 18:20:10 GMT" time="0.020" errors="0">
  <testcase name="runFromCommand" time="0.020" classname="learnTestNG.CommandPrompt"/>
</testsuite> <!-- learnTestNG.CommandPrompt -->
